<?xml version="1.0" encoding="UTF-8"?>
<testng-results ignored="0" total="1" passed="1" failed="0" skipped="0">
  <reporter-output>
  </reporter-output>
  <suite started-at="2021-01-08T11:14:37 IST" name="Default suite" finished-at="2021-01-08T11:14:57 IST" duration-ms="19583">
    <groups>
    </groups>
    <test started-at="2021-01-08T11:14:37 IST" name="Default test" finished-at="2021-01-08T11:14:57 IST" duration-ms="19583">
      <class name="MobileTest.Mobile">
        <test-method signature="test1()[pri:0, instance:MobileTest.Mobile@5fd4f8f5]" started-at="2021-01-08T11:14:37 IST" name="test1" finished-at="2021-01-08T11:14:57 IST" duration-ms="19530" status="PASS">
          <reporter-output>
          </reporter-output>
        </test-method> <!-- test1 -->
      </class> <!-- MobileTest.Mobile -->
    </test> <!-- Default test -->
  </suite> <!-- Default suite -->
</testng-results>
