<?xml version="1.0" encoding="UTF-8"?>
<testng-results ignored="0" total="1" passed="1" failed="0" skipped="0">
  <reporter-output>
  </reporter-output>
  <suite started-at="2020-12-30T18:55:21 IST" name="Default suite" finished-at="2020-12-30T18:55:36 IST" duration-ms="14987">
    <groups>
    </groups>
    <test started-at="2020-12-30T18:55:21 IST" name="Default test" finished-at="2020-12-30T18:55:36 IST" duration-ms="14987">
      <class name="MobileTest.Mobile">
        <test-method signature="test1()[pri:0, instance:MobileTest.Mobile@6b8ca3c8]" started-at="2020-12-30T18:55:21 IST" name="test1" finished-at="2020-12-30T18:55:36 IST" duration-ms="14958" status="PASS">
          <reporter-output>
          </reporter-output>
        </test-method> <!-- test1 -->
      </class> <!-- MobileTest.Mobile -->
    </test> <!-- Default test -->
  </suite> <!-- Default suite -->
</testng-results>
